<?xml version="1.0" encoding="UTF-8"?>
<testsuite name="JUnit Jupiter" tests="16" skipped="0" failures="0" errors="0" time="1.253" hostname="Kristian" timestamp="2018-03-09T17:43:55">
<properties>
[...]
</properties>
<testcase name="scoreIsThreeMeInput()" classname="guessinggame.GuessingGameTest" time="0.312">
<system-out><![CDATA[
unique-id: [engine:junit-jupiter]/[class:guessinggame.GuessingGameTest]/[method:scoreIsThreeMeInput()]
display-name: scoreIsThreeMeInput()
]]></system-out>
</testcase>
<testcase name="spellingIsIncorrect()" classname="guessinggame.GuessingGameTest" time="0.002">
<system-out><![CDATA[
unique-id: [engine:junit-jupiter]/[class:guessinggame.GuessingGameTest]/[method:spellingIsIncorrect()]
display-name: spellingIsIncorrect()
]]></system-out>
</testcase>
<testcase name="scrambleWordDoesNotEqualWord()" classname="guessinggame.GuessingGameTest" time="0.006">
<system-out><![CDATA[
unique-id: [engine:junit-jupiter]/[class:guessinggame.GuessingGameTest]/[method:scrambleWordDoesNotEqualWord()]
display-name: scrambleWordDoesNotEqualWord()
]]></system-out>
</testcase>
<testcase name="scoreIsZeroLetterNotInScrambledWord()" classname="guessinggame.GuessingGameTest" time="0.001">
<system-out><![CDATA[
unique-id: [engine:junit-jupiter]/[class:guessinggame.GuessingGameTest]/[method:scoreIsZeroLetterNotInScrambledWord()]
display-name: scoreIsZeroLetterNotInScrambledWord()
]]></system-out>
</testcase>
<testcase name="scoreIsTwoMConsonant()" classname="guessinggame.GuessingGameTest" time="0.001">
<system-out><![CDATA[
unique-id: [engine:junit-jupiter]/[class:guessinggame.GuessingGameTest]/[method:scoreIsTwoMConsonant()]
display-name: scoreIsTwoMConsonant()
]]></system-out>
</testcase>
<testcase name="scoreIsThreeOneConsonantOneVowel()" classname="guessinggame.GuessingGameTest" time="0.001">
<system-out><![CDATA[
unique-id: [engine:junit-jupiter]/[class:guessinggame.GuessingGameTest]/[method:scoreIsThreeOneConsonantOneVowel()]
display-name: scoreIsThreeOneConsonantOneVowel()
]]></system-out>
</testcase>
<testcase name="scoreIsFiveMatInput()" classname="guessinggame.GuessingGameTest" time="0.001">
<system-out><![CDATA[
unique-id: [engine:junit-jupiter]/[class:guessinggame.GuessingGameTest]/[method:scoreIsFiveMatInput()]
display-name: scoreIsFiveMatInput()
]]></system-out>
</testcase>
<testcase name="scoreIsZeroMoonInput()" classname="guessinggame.GuessingGameTest" time="0.001">
<system-out><![CDATA[
unique-id: [engine:junit-jupiter]/[class:guessinggame.GuessingGameTest]/[method:scoreIsZeroMoonInput()]
display-name: scoreIsZeroMoonInput()
]]></system-out>
</testcase>
<testcase name="scoreIsOneOVowel()" classname="guessinggame.GuessingGameTest" time="0.001">
<system-out><![CDATA[
unique-id: [engine:junit-jupiter]/[class:guessinggame.GuessingGameTest]/[method:scoreIsOneOVowel()]
display-name: scoreIsOneOVowel()
]]></system-out>
</testcase>
<testcase name="scoreIsZero()" classname="guessinggame.GuessingGameTest" time="0.001">
<system-out><![CDATA[
unique-id: [engine:junit-jupiter]/[class:guessinggame.GuessingGameTest]/[method:scoreIsZero()]
display-name: scoreIsZero()
]]></system-out>
</testcase>
<testcase name="networkFailure()" classname="guessinggame.GuessingGameTest" time="0.004">
<system-out><![CDATA[
unique-id: [engine:junit-jupiter]/[class:guessinggame.GuessingGameTest]/[method:networkFailure()]
display-name: networkFailure()
]]></system-out>
</testcase>
<testcase name="Canary()" classname="guessinggame.GuessingGameTest" time="0.004">
<system-out><![CDATA[
unique-id: [engine:junit-jupiter]/[class:guessinggame.GuessingGameTest]/[method:Canary()]
display-name: Canary()
]]></system-out>
</testcase>
<testcase name="networkFailureException()" classname="guessinggame.SpellCheckerTest" time="0.649">
<system-out><![CDATA[
unique-id: [engine:junit-jupiter]/[class:guessinggame.SpellCheckerTest]/[method:networkFailureException()]
display-name: networkFailureException()
]]></system-out>
</testcase>
<testcase name="spellingIsIncorrect()" classname="guessinggame.SpellCheckerTest" time="0.078">
<system-out><![CDATA[
unique-id: [engine:junit-jupiter]/[class:guessinggame.SpellCheckerTest]/[method:spellingIsIncorrect()]
display-name: spellingIsIncorrect()
]]></system-out>
</testcase>
<testcase name="spellingIsCorrect()" classname="guessinggame.SpellCheckerTest" time="0.074">
<system-out><![CDATA[
unique-id: [engine:junit-jupiter]/[class:guessinggame.SpellCheckerTest]/[method:spellingIsCorrect()]
display-name: spellingIsCorrect()
]]></system-out>
</testcase>
<testcase name="networkFailure()" classname="guessinggame.SpellCheckerTest" time="0.07">
<system-out><![CDATA[
unique-id: [engine:junit-jupiter]/[class:guessinggame.SpellCheckerTest]/[method:networkFailure()]
display-name: networkFailure()
]]></system-out>
</testcase>
<system-out><![CDATA[
unique-id: [engine:junit-jupiter]
display-name: JUnit Jupiter
]]></system-out>
</testsuite>
