<?xml version="1.0" encoding="UTF-8"?>
<testsuite name="JUnit Jupiter" tests="8" skipped="0" failures="0" errors="0" time="0.089" hostname="Kristian" timestamp="2018-03-25T22:35:45">
<properties>
[...]
</properties>
<testcase name="fibMultipleNumbers()" classname="fibonacci.FibonacciIterativeSolutionTest" time="0.024">
<system-out><![CDATA[
unique-id: [engine:junit-jupiter]/[class:fibonacci.FibonacciIterativeSolutionTest]/[method:fibMultipleNumbers()]
display-name: fibMultipleNumbers()
]]></system-out>
</testcase>
<testcase name="canaryTest()" classname="fibonacci.FibonacciIterativeSolutionTest" time="0.004">
<system-out><![CDATA[
unique-id: [engine:junit-jupiter]/[class:fibonacci.FibonacciIterativeSolutionTest]/[method:canaryTest()]
display-name: canaryTest()
]]></system-out>
</testcase>
<testcase name="fibIterative50()" classname="fibonacci.FibonacciIterativeSolutionTest" time="0.001">
<system-out><![CDATA[
unique-id: [engine:junit-jupiter]/[class:fibonacci.FibonacciIterativeSolutionTest]/[method:fibIterative50()]
display-name: fibIterative50()
]]></system-out>
</testcase>
<testcase name="simpleIterationForPosition300()" classname="fibonacci.FibonacciIterativeSolutionTest" time="0.001">
<system-out><![CDATA[
unique-id: [engine:junit-jupiter]/[class:fibonacci.FibonacciIterativeSolutionTest]/[method:simpleIterationForPosition300()]
display-name: simpleIterationForPosition300()
]]></system-out>
</testcase>
<testcase name="fibMultipleNumbers()" classname="fibonacci.FibonacciMemoizedRecursiveSolutionTest" time="0.002">
<system-out><![CDATA[
unique-id: [engine:junit-jupiter]/[class:fibonacci.FibonacciMemoizedRecursiveSolutionTest]/[method:fibMultipleNumbers()]
display-name: fibMultipleNumbers()
]]></system-out>
</testcase>
<testcase name="canaryTest()" classname="fibonacci.FibonacciMemoizedRecursiveSolutionTest" time="0">
<system-out><![CDATA[
unique-id: [engine:junit-jupiter]/[class:fibonacci.FibonacciMemoizedRecursiveSolutionTest]/[method:canaryTest()]
display-name: canaryTest()
]]></system-out>
</testcase>
<testcase name="fibMultipleNumbers()" classname="fibonacci.FibonacciRecursiveSolutionTest" time="0.001">
<system-out><![CDATA[
unique-id: [engine:junit-jupiter]/[class:fibonacci.FibonacciRecursiveSolutionTest]/[method:fibMultipleNumbers()]
display-name: fibMultipleNumbers()
]]></system-out>
</testcase>
<testcase name="canaryTest()" classname="fibonacci.FibonacciRecursiveSolutionTest" time="0">
<system-out><![CDATA[
unique-id: [engine:junit-jupiter]/[class:fibonacci.FibonacciRecursiveSolutionTest]/[method:canaryTest()]
display-name: canaryTest()
]]></system-out>
</testcase>
<system-out><![CDATA[
unique-id: [engine:junit-jupiter]
display-name: JUnit Jupiter
]]></system-out>
</testsuite>
